2022.02.05 17:59:33 INFO  tracing is disabled for protocol LSP, to enable tracing of incoming and outgoing JSON messages create an empty file at /home/anamm/Documents/UPSA-REST/gestor-recetas/.metals/lsp.trace.json or /home/anamm/.cache/metals/lsp.trace.json
2022.02.05 17:59:34 INFO  logging to file /home/anamm/Documents/UPSA-REST/gestor-recetas/.metals/metals.log
2022.02.05 17:59:34 INFO  Started: Metals version 0.11.1 in workspace '/home/anamm/Documents/UPSA-REST/gestor-recetas' for client Visual Studio Code 1.64.0.
2022.02.05 17:59:34 INFO  Parse release: 13.0.7
2022.02.05 17:59:36 INFO  time: initialize in 2.18s
2022.02.05 17:59:36 WARN  Build server is not auto-connectable.
Feb 05, 2022 6:06:18 PM org.eclipse.lsp4j.jsonrpc.services.GenericEndpoint notify
INFO: Unsupported notification method: $/setTrace
2022.02.05 18:06:58 WARN  no build target for: /home/anamm/Documents/UPSA-REST/gestor-recetas/build.sbt
2022.02.05 18:07:03 INFO  no build target found for /home/anamm/Documents/UPSA-REST/gestor-recetas/build.sbt. Using presentation compiler with project's scala-library version: 3.1.0
2022.02.05 18:07:04 INFO  time: code lens generation in 5.44s
2022.02.05 18:07:49 WARN  no build target for: /home/anamm/Documents/UPSA-REST/gestor-recetas/test/controllers/HomeControllerTest.java
Feb 05, 2022 6:11:37 PM org.eclipse.lsp4j.jsonrpc.services.GenericEndpoint notify
INFO: Unsupported notification method: $/setTrace
2022.02.05 18:18:58 WARN  no build target for: /home/anamm/Documents/UPSA-REST/gestor-recetas/app/controllers/HomeController.java
2022.02.05 18:20:38 WARN  no build target for: /home/anamm/Documents/UPSA-REST/gestor-recetas/test/controllers/HomeControllerTest.java
2022.02.05 18:20:51 WARN  no build target for: /home/anamm/Documents/UPSA-REST/gestor-recetas/app/controllers/HomeController.java
Exception in thread "pool-3-thread-1" java.util.NoSuchElementException: next on empty iterator
	at scala.collection.Iterator$$anon$19.next(Iterator.scala:966)
	at scala.collection.Iterator$$anon$19.next(Iterator.scala:964)
	at scala.collection.mutable.MutationTracker$CheckedIterator.next(MutationTracker.scala:76)
	at scala.collection.IterableOps.head(Iterable.scala:222)
	at scala.collection.IterableOps.head$(Iterable.scala:222)
	at scala.collection.AbstractIterable.head(Iterable.scala:926)
	at dotty.tools.dotc.interactive.InteractiveDriver.run(InteractiveDriver.scala:165)
	at scala.meta.internal.pc.ScalaPresentationCompiler.hover$$anonfun$1(ScalaPresentationCompiler.scala:349)
	at scala.meta.internal.pc.CompilerAccess.withSharedCompiler(CompilerAccess.scala:137)
	at scala.meta.internal.pc.CompilerAccess.withNonInterruptableCompiler$$anonfun$1(CompilerAccess.scala:125)
	at scala.meta.internal.pc.CompilerAccess.onCompilerJobQueue$$anonfun$1(CompilerAccess.scala:197)
	at scala.meta.internal.pc.CompilerJobQueue$Job.run(CompilerJobQueue.scala:139)
	at java.base/java.util.concurrent.ThreadPoolExecutor.runWorker(ThreadPoolExecutor.java:1128)
	at java.base/java.util.concurrent.ThreadPoolExecutor$Worker.run(ThreadPoolExecutor.java:628)
	at java.base/java.lang.Thread.run(Thread.java:830)
Exception in thread "pool-3-thread-2" java.util.NoSuchElementException: next on empty iterator
	at scala.collection.Iterator$$anon$19.next(Iterator.scala:966)
	at scala.collection.Iterator$$anon$19.next(Iterator.scala:964)
	at scala.collection.mutable.MutationTracker$CheckedIterator.next(MutationTracker.scala:76)
	at scala.collection.IterableOps.head(Iterable.scala:222)
	at scala.collection.IterableOps.head$(Iterable.scala:222)
	at scala.collection.AbstractIterable.head(Iterable.scala:926)
	at dotty.tools.dotc.interactive.InteractiveDriver.run(InteractiveDriver.scala:165)
	at scala.meta.internal.pc.ScalaPresentationCompiler.hover$$anonfun$1(ScalaPresentationCompiler.scala:349)
	at scala.meta.internal.pc.CompilerAccess.withSharedCompiler(CompilerAccess.scala:137)
	at scala.meta.internal.pc.CompilerAccess.withNonInterruptableCompiler$$anonfun$1(CompilerAccess.scala:125)
	at scala.meta.internal.pc.CompilerAccess.onCompilerJobQueue$$anonfun$1(CompilerAccess.scala:197)
	at scala.meta.internal.pc.CompilerJobQueue$Job.run(CompilerJobQueue.scala:139)
	at java.base/java.util.concurrent.ThreadPoolExecutor.runWorker(ThreadPoolExecutor.java:1128)
	at java.base/java.util.concurrent.ThreadPoolExecutor$Worker.run(ThreadPoolExecutor.java:628)
	at java.base/java.lang.Thread.run(Thread.java:830)
Exception in thread "pool-3-thread-3" java.util.NoSuchElementException: next on empty iterator
	at scala.collection.Iterator$$anon$19.next(Iterator.scala:966)
	at scala.collection.Iterator$$anon$19.next(Iterator.scala:964)
	at scala.collection.mutable.MutationTracker$CheckedIterator.next(MutationTracker.scala:76)
	at scala.collection.IterableOps.head(Iterable.scala:222)
	at scala.collection.IterableOps.head$(Iterable.scala:222)
	at scala.collection.AbstractIterable.head(Iterable.scala:926)
	at dotty.tools.dotc.interactive.InteractiveDriver.run(InteractiveDriver.scala:165)
	at scala.meta.internal.pc.ScalaPresentationCompiler.hover$$anonfun$1(ScalaPresentationCompiler.scala:349)
	at scala.meta.internal.pc.CompilerAccess.withSharedCompiler(CompilerAccess.scala:137)
	at scala.meta.internal.pc.CompilerAccess.withNonInterruptableCompiler$$anonfun$1(CompilerAccess.scala:125)
	at scala.meta.internal.pc.CompilerAccess.onCompilerJobQueue$$anonfun$1(CompilerAccess.scala:197)
	at scala.meta.internal.pc.CompilerJobQueue$Job.run(CompilerJobQueue.scala:139)
	at java.base/java.util.concurrent.ThreadPoolExecutor.runWorker(ThreadPoolExecutor.java:1128)
	at java.base/java.util.concurrent.ThreadPoolExecutor$Worker.run(ThreadPoolExecutor.java:628)
	at java.base/java.lang.Thread.run(Thread.java:830)
Exception in thread "pool-3-thread-4" java.util.NoSuchElementException: next on empty iterator
	at scala.collection.Iterator$$anon$19.next(Iterator.scala:966)
	at scala.collection.Iterator$$anon$19.next(Iterator.scala:964)
	at scala.collection.mutable.MutationTracker$CheckedIterator.next(MutationTracker.scala:76)
	at scala.collection.IterableOps.head(Iterable.scala:222)
	at scala.collection.IterableOps.head$(Iterable.scala:222)
	at scala.collection.AbstractIterable.head(Iterable.scala:926)
	at dotty.tools.dotc.interactive.InteractiveDriver.run(InteractiveDriver.scala:165)
	at scala.meta.internal.pc.ScalaPresentationCompiler.hover$$anonfun$1(ScalaPresentationCompiler.scala:349)
	at scala.meta.internal.pc.CompilerAccess.withSharedCompiler(CompilerAccess.scala:137)
	at scala.meta.internal.pc.CompilerAccess.withNonInterruptableCompiler$$anonfun$1(CompilerAccess.scala:125)
	at scala.meta.internal.pc.CompilerAccess.onCompilerJobQueue$$anonfun$1(CompilerAccess.scala:197)
	at scala.meta.internal.pc.CompilerJobQueue$Job.run(CompilerJobQueue.scala:139)
	at java.base/java.util.concurrent.ThreadPoolExecutor.runWorker(ThreadPoolExecutor.java:1128)
	at java.base/java.util.concurrent.ThreadPoolExecutor$Worker.run(ThreadPoolExecutor.java:628)
	at java.base/java.lang.Thread.run(Thread.java:830)
Exception in thread "pool-3-thread-5" java.util.NoSuchElementException: next on empty iterator
	at scala.collection.Iterator$$anon$19.next(Iterator.scala:966)
	at scala.collection.Iterator$$anon$19.next(Iterator.scala:964)
	at scala.collection.mutable.MutationTracker$CheckedIterator.next(MutationTracker.scala:76)
	at scala.collection.IterableOps.head(Iterable.scala:222)
	at scala.collection.IterableOps.head$(Iterable.scala:222)
	at scala.collection.AbstractIterable.head(Iterable.scala:926)
	at dotty.tools.dotc.interactive.InteractiveDriver.run(InteractiveDriver.scala:165)
	at scala.meta.internal.pc.ScalaPresentationCompiler.hover$$anonfun$1(ScalaPresentationCompiler.scala:349)
	at scala.meta.internal.pc.CompilerAccess.withSharedCompiler(CompilerAccess.scala:137)
	at scala.meta.internal.pc.CompilerAccess.withNonInterruptableCompiler$$anonfun$1(CompilerAccess.scala:125)
	at scala.meta.internal.pc.CompilerAccess.onCompilerJobQueue$$anonfun$1(CompilerAccess.scala:197)
	at scala.meta.internal.pc.CompilerJobQueue$Job.run(CompilerJobQueue.scala:139)
	at java.base/java.util.concurrent.ThreadPoolExecutor.runWorker(ThreadPoolExecutor.java:1128)
	at java.base/java.util.concurrent.ThreadPoolExecutor$Worker.run(ThreadPoolExecutor.java:628)
	at java.base/java.lang.Thread.run(Thread.java:830)
Exception in thread "pool-3-thread-6" java.util.NoSuchElementException: next on empty iterator
	at scala.collection.Iterator$$anon$19.next(Iterator.scala:966)
	at scala.collection.Iterator$$anon$19.next(Iterator.scala:964)
	at scala.collection.mutable.MutationTracker$CheckedIterator.next(MutationTracker.scala:76)
	at scala.collection.IterableOps.head(Iterable.scala:222)
	at scala.collection.IterableOps.head$(Iterable.scala:222)
	at scala.collection.AbstractIterable.head(Iterable.scala:926)
	at dotty.tools.dotc.interactive.InteractiveDriver.run(InteractiveDriver.scala:165)
	at scala.meta.internal.pc.ScalaPresentationCompiler.hover$$anonfun$1(ScalaPresentationCompiler.scala:349)
	at scala.meta.internal.pc.CompilerAccess.withSharedCompiler(CompilerAccess.scala:137)
	at scala.meta.internal.pc.CompilerAccess.withNonInterruptableCompiler$$anonfun$1(CompilerAccess.scala:125)
	at scala.meta.internal.pc.CompilerAccess.onCompilerJobQueue$$anonfun$1(CompilerAccess.scala:197)
	at scala.meta.internal.pc.CompilerJobQueue$Job.run(CompilerJobQueue.scala:139)
	at java.base/java.util.concurrent.ThreadPoolExecutor.runWorker(ThreadPoolExecutor.java:1128)
	at java.base/java.util.concurrent.ThreadPoolExecutor$Worker.run(ThreadPoolExecutor.java:628)
	at java.base/java.lang.Thread.run(Thread.java:830)
Exception in thread "pool-3-thread-7" java.util.NoSuchElementException: next on empty iterator
	at scala.collection.Iterator$$anon$19.next(Iterator.scala:966)
	at scala.collection.Iterator$$anon$19.next(Iterator.scala:964)
	at scala.collection.mutable.MutationTracker$CheckedIterator.next(MutationTracker.scala:76)
	at scala.collection.IterableOps.head(Iterable.scala:222)
	at scala.collection.IterableOps.head$(Iterable.scala:222)
	at scala.collection.AbstractIterable.head(Iterable.scala:926)
	at dotty.tools.dotc.interactive.InteractiveDriver.run(InteractiveDriver.scala:165)
	at scala.meta.internal.pc.ScalaPresentationCompiler.hover$$anonfun$1(ScalaPresentationCompiler.scala:349)
	at scala.meta.internal.pc.CompilerAccess.withSharedCompiler(CompilerAccess.scala:137)
	at scala.meta.internal.pc.CompilerAccess.withNonInterruptableCompiler$$anonfun$1(CompilerAccess.scala:125)
	at scala.meta.internal.pc.CompilerAccess.onCompilerJobQueue$$anonfun$1(CompilerAccess.scala:197)
	at scala.meta.internal.pc.CompilerJobQueue$Job.run(CompilerJobQueue.scala:139)
	at java.base/java.util.concurrent.ThreadPoolExecutor.runWorker(ThreadPoolExecutor.java:1128)
	at java.base/java.util.concurrent.ThreadPoolExecutor$Worker.run(ThreadPoolExecutor.java:628)
	at java.base/java.lang.Thread.run(Thread.java:830)
Exception in thread "pool-3-thread-8" java.util.NoSuchElementException: next on empty iterator
	at scala.collection.Iterator$$anon$19.next(Iterator.scala:966)
	at scala.collection.Iterator$$anon$19.next(Iterator.scala:964)
	at scala.collection.mutable.MutationTracker$CheckedIterator.next(MutationTracker.scala:76)
	at scala.collection.IterableOps.head(Iterable.scala:222)
	at scala.collection.IterableOps.head$(Iterable.scala:222)
	at scala.collection.AbstractIterable.head(Iterable.scala:926)
	at dotty.tools.dotc.interactive.InteractiveDriver.run(InteractiveDriver.scala:165)
	at scala.meta.internal.pc.ScalaPresentationCompiler.hover$$anonfun$1(ScalaPresentationCompiler.scala:349)
	at scala.meta.internal.pc.CompilerAccess.withSharedCompiler(CompilerAccess.scala:137)
	at scala.meta.internal.pc.CompilerAccess.withNonInterruptableCompiler$$anonfun$1(CompilerAccess.scala:125)
	at scala.meta.internal.pc.CompilerAccess.onCompilerJobQueue$$anonfun$1(CompilerAccess.scala:197)
	at scala.meta.internal.pc.CompilerJobQueue$Job.run(CompilerJobQueue.scala:139)
	at java.base/java.util.concurrent.ThreadPoolExecutor.runWorker(ThreadPoolExecutor.java:1128)
	at java.base/java.util.concurrent.ThreadPoolExecutor$Worker.run(ThreadPoolExecutor.java:628)
	at java.base/java.lang.Thread.run(Thread.java:830)
Exception in thread "pool-3-thread-9" java.util.NoSuchElementException: next on empty iterator
	at scala.collection.Iterator$$anon$19.next(Iterator.scala:966)
	at scala.collection.Iterator$$anon$19.next(Iterator.scala:964)
	at scala.collection.mutable.MutationTracker$CheckedIterator.next(MutationTracker.scala:76)
	at scala.collection.IterableOps.head(Iterable.scala:222)
	at scala.collection.IterableOps.head$(Iterable.scala:222)
	at scala.collection.AbstractIterable.head(Iterable.scala:926)
	at dotty.tools.dotc.interactive.InteractiveDriver.run(InteractiveDriver.scala:165)
	at scala.meta.internal.pc.ScalaPresentationCompiler.hover$$anonfun$1(ScalaPresentationCompiler.scala:349)
	at scala.meta.internal.pc.CompilerAccess.withSharedCompiler(CompilerAccess.scala:137)
	at scala.meta.internal.pc.CompilerAccess.withNonInterruptableCompiler$$anonfun$1(CompilerAccess.scala:125)
	at scala.meta.internal.pc.CompilerAccess.onCompilerJobQueue$$anonfun$1(CompilerAccess.scala:197)
	at scala.meta.internal.pc.CompilerJobQueue$Job.run(CompilerJobQueue.scala:139)
	at java.base/java.util.concurrent.ThreadPoolExecutor.runWorker(ThreadPoolExecutor.java:1128)
	at java.base/java.util.concurrent.ThreadPoolExecutor$Worker.run(ThreadPoolExecutor.java:628)
	at java.base/java.lang.Thread.run(Thread.java:830)
Exception in thread "pool-3-thread-10" java.util.NoSuchElementException: next on empty iterator
	at scala.collection.Iterator$$anon$19.next(Iterator.scala:966)
	at scala.collection.Iterator$$anon$19.next(Iterator.scala:964)
	at scala.collection.mutable.MutationTracker$CheckedIterator.next(MutationTracker.scala:76)
	at scala.collection.IterableOps.head(Iterable.scala:222)
	at scala.collection.IterableOps.head$(Iterable.scala:222)
	at scala.collection.AbstractIterable.head(Iterable.scala:926)
	at dotty.tools.dotc.interactive.InteractiveDriver.run(InteractiveDriver.scala:165)
	at scala.meta.internal.pc.ScalaPresentationCompiler.hover$$anonfun$1(ScalaPresentationCompiler.scala:349)
	at scala.meta.internal.pc.CompilerAccess.withSharedCompiler(CompilerAccess.scala:137)
	at scala.meta.internal.pc.CompilerAccess.withNonInterruptableCompiler$$anonfun$1(CompilerAccess.scala:125)
	at scala.meta.internal.pc.CompilerAccess.onCompilerJobQueue$$anonfun$1(CompilerAccess.scala:197)
	at scala.meta.internal.pc.CompilerJobQueue$Job.run(CompilerJobQueue.scala:139)
	at java.base/java.util.concurrent.ThreadPoolExecutor.runWorker(ThreadPoolExecutor.java:1128)
	at java.base/java.util.concurrent.ThreadPoolExecutor$Worker.run(ThreadPoolExecutor.java:628)
	at java.base/java.lang.Thread.run(Thread.java:830)
Exception in thread "pool-3-thread-11" java.util.NoSuchElementException: next on empty iterator
	at scala.collection.Iterator$$anon$19.next(Iterator.scala:966)
	at scala.collection.Iterator$$anon$19.next(Iterator.scala:964)
	at scala.collection.mutable.MutationTracker$CheckedIterator.next(MutationTracker.scala:76)
	at scala.collection.IterableOps.head(Iterable.scala:222)
	at scala.collection.IterableOps.head$(Iterable.scala:222)
	at scala.collection.AbstractIterable.head(Iterable.scala:926)
	at dotty.tools.dotc.interactive.InteractiveDriver.run(InteractiveDriver.scala:165)
	at scala.meta.internal.pc.ScalaPresentationCompiler.hover$$anonfun$1(ScalaPresentationCompiler.scala:349)
	at scala.meta.internal.pc.CompilerAccess.withSharedCompiler(CompilerAccess.scala:137)
	at scala.meta.internal.pc.CompilerAccess.withNonInterruptableCompiler$$anonfun$1(CompilerAccess.scala:125)
	at scala.meta.internal.pc.CompilerAccess.onCompilerJobQueue$$anonfun$1(CompilerAccess.scala:197)
	at scala.meta.internal.pc.CompilerJobQueue$Job.run(CompilerJobQueue.scala:139)
	at java.base/java.util.concurrent.ThreadPoolExecutor.runWorker(ThreadPoolExecutor.java:1128)
	at java.base/java.util.concurrent.ThreadPoolExecutor$Worker.run(ThreadPoolExecutor.java:628)
	at java.base/java.lang.Thread.run(Thread.java:830)
Exception in thread "pool-3-thread-12" java.util.NoSuchElementException: next on empty iterator
	at scala.collection.Iterator$$anon$19.next(Iterator.scala:966)
	at scala.collection.Iterator$$anon$19.next(Iterator.scala:964)
	at scala.collection.mutable.MutationTracker$CheckedIterator.next(MutationTracker.scala:76)
	at scala.collection.IterableOps.head(Iterable.scala:222)
	at scala.collection.IterableOps.head$(Iterable.scala:222)
	at scala.collection.AbstractIterable.head(Iterable.scala:926)
	at dotty.tools.dotc.interactive.InteractiveDriver.run(InteractiveDriver.scala:165)
	at scala.meta.internal.pc.ScalaPresentationCompiler.hover$$anonfun$1(ScalaPresentationCompiler.scala:349)
	at scala.meta.internal.pc.CompilerAccess.withSharedCompiler(CompilerAccess.scala:137)
	at scala.meta.internal.pc.CompilerAccess.withNonInterruptableCompiler$$anonfun$1(CompilerAccess.scala:125)
	at scala.meta.internal.pc.CompilerAccess.onCompilerJobQueue$$anonfun$1(CompilerAccess.scala:197)
	at scala.meta.internal.pc.CompilerJobQueue$Job.run(CompilerJobQueue.scala:139)
	at java.base/java.util.concurrent.ThreadPoolExecutor.runWorker(ThreadPoolExecutor.java:1128)
	at java.base/java.util.concurrent.ThreadPoolExecutor$Worker.run(ThreadPoolExecutor.java:628)
	at java.base/java.lang.Thread.run(Thread.java:830)
Exception in thread "pool-3-thread-13" java.util.NoSuchElementException: next on empty iterator
	at scala.collection.Iterator$$anon$19.next(Iterator.scala:966)
	at scala.collection.Iterator$$anon$19.next(Iterator.scala:964)
	at scala.collection.mutable.MutationTracker$CheckedIterator.next(MutationTracker.scala:76)
	at scala.collection.IterableOps.head(Iterable.scala:222)
	at scala.collection.IterableOps.head$(Iterable.scala:222)
	at scala.collection.AbstractIterable.head(Iterable.scala:926)
	at dotty.tools.dotc.interactive.InteractiveDriver.run(InteractiveDriver.scala:165)
	at scala.meta.internal.pc.ScalaPresentationCompiler.hover$$anonfun$1(ScalaPresentationCompiler.scala:349)
	at scala.meta.internal.pc.CompilerAccess.withSharedCompiler(CompilerAccess.scala:137)
	at scala.meta.internal.pc.CompilerAccess.withNonInterruptableCompiler$$anonfun$1(CompilerAccess.scala:125)
	at scala.meta.internal.pc.CompilerAccess.onCompilerJobQueue$$anonfun$1(CompilerAccess.scala:197)
	at scala.meta.internal.pc.CompilerJobQueue$Job.run(CompilerJobQueue.scala:139)
	at java.base/java.util.concurrent.ThreadPoolExecutor.runWorker(ThreadPoolExecutor.java:1128)
	at java.base/java.util.concurrent.ThreadPoolExecutor$Worker.run(ThreadPoolExecutor.java:628)
	at java.base/java.lang.Thread.run(Thread.java:830)
Exception in thread "pool-3-thread-14" java.util.NoSuchElementException: next on empty iterator
	at scala.collection.Iterator$$anon$19.next(Iterator.scala:966)
	at scala.collection.Iterator$$anon$19.next(Iterator.scala:964)
	at scala.collection.mutable.MutationTracker$CheckedIterator.next(MutationTracker.scala:76)
	at scala.collection.IterableOps.head(Iterable.scala:222)
	at scala.collection.IterableOps.head$(Iterable.scala:222)
	at scala.collection.AbstractIterable.head(Iterable.scala:926)
	at dotty.tools.dotc.interactive.InteractiveDriver.run(InteractiveDriver.scala:165)
	at scala.meta.internal.pc.ScalaPresentationCompiler.hover$$anonfun$1(ScalaPresentationCompiler.scala:349)
	at scala.meta.internal.pc.CompilerAccess.withSharedCompiler(CompilerAccess.scala:137)
	at scala.meta.internal.pc.CompilerAccess.withNonInterruptableCompiler$$anonfun$1(CompilerAccess.scala:125)
	at scala.meta.internal.pc.CompilerAccess.onCompilerJobQueue$$anonfun$1(CompilerAccess.scala:197)
	at scala.meta.internal.pc.CompilerJobQueue$Job.run(CompilerJobQueue.scala:139)
	at java.base/java.util.concurrent.ThreadPoolExecutor.runWorker(ThreadPoolExecutor.java:1128)
	at java.base/java.util.concurrent.ThreadPoolExecutor$Worker.run(ThreadPoolExecutor.java:628)
	at java.base/java.lang.Thread.run(Thread.java:830)
Exception in thread "pool-3-thread-15" java.util.NoSuchElementException: next on empty iterator
	at scala.collection.Iterator$$anon$19.next(Iterator.scala:966)
	at scala.collection.Iterator$$anon$19.next(Iterator.scala:964)
	at scala.collection.mutable.MutationTracker$CheckedIterator.next(MutationTracker.scala:76)
	at scala.collection.IterableOps.head(Iterable.scala:222)
	at scala.collection.IterableOps.head$(Iterable.scala:222)
	at scala.collection.AbstractIterable.head(Iterable.scala:926)
	at dotty.tools.dotc.interactive.InteractiveDriver.run(InteractiveDriver.scala:165)
	at scala.meta.internal.pc.ScalaPresentationCompiler.hover$$anonfun$1(ScalaPresentationCompiler.scala:349)
	at scala.meta.internal.pc.CompilerAccess.withSharedCompiler(CompilerAccess.scala:137)
	at scala.meta.internal.pc.CompilerAccess.withNonInterruptableCompiler$$anonfun$1(CompilerAccess.scala:125)
	at scala.meta.internal.pc.CompilerAccess.onCompilerJobQueue$$anonfun$1(CompilerAccess.scala:197)
	at scala.meta.internal.pc.CompilerJobQueue$Job.run(CompilerJobQueue.scala:139)
	at java.base/java.util.concurrent.ThreadPoolExecutor.runWorker(ThreadPoolExecutor.java:1128)
	at java.base/java.util.concurrent.ThreadPoolExecutor$Worker.run(ThreadPoolExecutor.java:628)
	at java.base/java.lang.Thread.run(Thread.java:830)
Exception in thread "pool-3-thread-16" java.util.NoSuchElementException: next on empty iterator
	at scala.collection.Iterator$$anon$19.next(Iterator.scala:966)
	at scala.collection.Iterator$$anon$19.next(Iterator.scala:964)
	at scala.collection.mutable.MutationTracker$CheckedIterator.next(MutationTracker.scala:76)
	at scala.collection.IterableOps.head(Iterable.scala:222)
	at scala.collection.IterableOps.head$(Iterable.scala:222)
	at scala.collection.AbstractIterable.head(Iterable.scala:926)
	at dotty.tools.dotc.interactive.InteractiveDriver.run(InteractiveDriver.scala:165)
	at scala.meta.internal.pc.ScalaPresentationCompiler.hover$$anonfun$1(ScalaPresentationCompiler.scala:349)
	at scala.meta.internal.pc.CompilerAccess.withSharedCompiler(CompilerAccess.scala:137)
	at scala.meta.internal.pc.CompilerAccess.withNonInterruptableCompiler$$anonfun$1(CompilerAccess.scala:125)
	at scala.meta.internal.pc.CompilerAccess.onCompilerJobQueue$$anonfun$1(CompilerAccess.scala:197)
	at scala.meta.internal.pc.CompilerJobQueue$Job.run(CompilerJobQueue.scala:139)
	at java.base/java.util.concurrent.ThreadPoolExecutor.runWorker(ThreadPoolExecutor.java:1128)
	at java.base/java.util.concurrent.ThreadPoolExecutor$Worker.run(ThreadPoolExecutor.java:628)
	at java.base/java.lang.Thread.run(Thread.java:830)
Exception in thread "pool-3-thread-17" java.util.NoSuchElementException: next on empty iterator
	at scala.collection.Iterator$$anon$19.next(Iterator.scala:966)
	at scala.collection.Iterator$$anon$19.next(Iterator.scala:964)
	at scala.collection.mutable.MutationTracker$CheckedIterator.next(MutationTracker.scala:76)
	at scala.collection.IterableOps.head(Iterable.scala:222)
	at scala.collection.IterableOps.head$(Iterable.scala:222)
	at scala.collection.AbstractIterable.head(Iterable.scala:926)
	at dotty.tools.dotc.interactive.InteractiveDriver.run(InteractiveDriver.scala:165)
	at scala.meta.internal.pc.ScalaPresentationCompiler.hover$$anonfun$1(ScalaPresentationCompiler.scala:349)
	at scala.meta.internal.pc.CompilerAccess.withSharedCompiler(CompilerAccess.scala:137)
	at scala.meta.internal.pc.CompilerAccess.withNonInterruptableCompiler$$anonfun$1(CompilerAccess.scala:125)
	at scala.meta.internal.pc.CompilerAccess.onCompilerJobQueue$$anonfun$1(CompilerAccess.scala:197)
	at scala.meta.internal.pc.CompilerJobQueue$Job.run(CompilerJobQueue.scala:139)
	at java.base/java.util.concurrent.ThreadPoolExecutor.runWorker(ThreadPoolExecutor.java:1128)
	at java.base/java.util.concurrent.ThreadPoolExecutor$Worker.run(ThreadPoolExecutor.java:628)
	at java.base/java.lang.Thread.run(Thread.java:830)
Exception in thread "pool-3-thread-18" java.util.NoSuchElementException: next on empty iterator
	at scala.collection.Iterator$$anon$19.next(Iterator.scala:966)
	at scala.collection.Iterator$$anon$19.next(Iterator.scala:964)
	at scala.collection.mutable.MutationTracker$CheckedIterator.next(MutationTracker.scala:76)
	at scala.collection.IterableOps.head(Iterable.scala:222)
	at scala.collection.IterableOps.head$(Iterable.scala:222)
	at scala.collection.AbstractIterable.head(Iterable.scala:926)
	at dotty.tools.dotc.interactive.InteractiveDriver.run(InteractiveDriver.scala:165)
	at scala.meta.internal.pc.ScalaPresentationCompiler.hover$$anonfun$1(ScalaPresentationCompiler.scala:349)
	at scala.meta.internal.pc.CompilerAccess.withSharedCompiler(CompilerAccess.scala:137)
	at scala.meta.internal.pc.CompilerAccess.withNonInterruptableCompiler$$anonfun$1(CompilerAccess.scala:125)
	at scala.meta.internal.pc.CompilerAccess.onCompilerJobQueue$$anonfun$1(CompilerAccess.scala:197)
	at scala.meta.internal.pc.CompilerJobQueue$Job.run(CompilerJobQueue.scala:139)
	at java.base/java.util.concurrent.ThreadPoolExecutor.runWorker(ThreadPoolExecutor.java:1128)
	at java.base/java.util.concurrent.ThreadPoolExecutor$Worker.run(ThreadPoolExecutor.java:628)
	at java.base/java.lang.Thread.run(Thread.java:830)
Exception in thread "pool-3-thread-19" java.util.NoSuchElementException: next on empty iterator
	at scala.collection.Iterator$$anon$19.next(Iterator.scala:966)
	at scala.collection.Iterator$$anon$19.next(Iterator.scala:964)
	at scala.collection.mutable.MutationTracker$CheckedIterator.next(MutationTracker.scala:76)
	at scala.collection.IterableOps.head(Iterable.scala:222)
	at scala.collection.IterableOps.head$(Iterable.scala:222)
	at scala.collection.AbstractIterable.head(Iterable.scala:926)
	at dotty.tools.dotc.interactive.InteractiveDriver.run(InteractiveDriver.scala:165)
	at scala.meta.internal.pc.ScalaPresentationCompiler.hover$$anonfun$1(ScalaPresentationCompiler.scala:349)
	at scala.meta.internal.pc.CompilerAccess.withSharedCompiler(CompilerAccess.scala:137)
	at scala.meta.internal.pc.CompilerAccess.withNonInterruptableCompiler$$anonfun$1(CompilerAccess.scala:125)
	at scala.meta.internal.pc.CompilerAccess.onCompilerJobQueue$$anonfun$1(CompilerAccess.scala:197)
	at scala.meta.internal.pc.CompilerJobQueue$Job.run(CompilerJobQueue.scala:139)
	at java.base/java.util.concurrent.ThreadPoolExecutor.runWorker(ThreadPoolExecutor.java:1128)
	at java.base/java.util.concurrent.ThreadPoolExecutor$Worker.run(ThreadPoolExecutor.java:628)
	at java.base/java.lang.Thread.run(Thread.java:830)
Exception in thread "pool-3-thread-20" java.util.NoSuchElementException: next on empty iterator
	at scala.collection.Iterator$$anon$19.next(Iterator.scala:966)
	at scala.collection.Iterator$$anon$19.next(Iterator.scala:964)
	at scala.collection.mutable.MutationTracker$CheckedIterator.next(MutationTracker.scala:76)
	at scala.collection.IterableOps.head(Iterable.scala:222)
	at scala.collection.IterableOps.head$(Iterable.scala:222)
	at scala.collection.AbstractIterable.head(Iterable.scala:926)
	at dotty.tools.dotc.interactive.InteractiveDriver.run(InteractiveDriver.scala:165)
	at scala.meta.internal.pc.ScalaPresentationCompiler.hover$$anonfun$1(ScalaPresentationCompiler.scala:349)
	at scala.meta.internal.pc.CompilerAccess.withSharedCompiler(CompilerAccess.scala:137)
	at scala.meta.internal.pc.CompilerAccess.withNonInterruptableCompiler$$anonfun$1(CompilerAccess.scala:125)
	at scala.meta.internal.pc.CompilerAccess.onCompilerJobQueue$$anonfun$1(CompilerAccess.scala:197)
	at scala.meta.internal.pc.CompilerJobQueue$Job.run(CompilerJobQueue.scala:139)
	at java.base/java.util.concurrent.ThreadPoolExecutor.runWorker(ThreadPoolExecutor.java:1128)
	at java.base/java.util.concurrent.ThreadPoolExecutor$Worker.run(ThreadPoolExecutor.java:628)
	at java.base/java.lang.Thread.run(Thread.java:830)
Exception in thread "pool-3-thread-21" java.util.NoSuchElementException: next on empty iterator
	at scala.collection.Iterator$$anon$19.next(Iterator.scala:966)
	at scala.collection.Iterator$$anon$19.next(Iterator.scala:964)
	at scala.collection.mutable.MutationTracker$CheckedIterator.next(MutationTracker.scala:76)
	at scala.collection.IterableOps.head(Iterable.scala:222)
	at scala.collection.IterableOps.head$(Iterable.scala:222)
	at scala.collection.AbstractIterable.head(Iterable.scala:926)
	at dotty.tools.dotc.interactive.InteractiveDriver.run(InteractiveDriver.scala:165)
	at scala.meta.internal.pc.ScalaPresentationCompiler.hover$$anonfun$1(ScalaPresentationCompiler.scala:349)
	at scala.meta.internal.pc.CompilerAccess.withSharedCompiler(CompilerAccess.scala:137)
	at scala.meta.internal.pc.CompilerAccess.withNonInterruptableCompiler$$anonfun$1(CompilerAccess.scala:125)
	at scala.meta.internal.pc.CompilerAccess.onCompilerJobQueue$$anonfun$1(CompilerAccess.scala:197)
	at scala.meta.internal.pc.CompilerJobQueue$Job.run(CompilerJobQueue.scala:139)
	at java.base/java.util.concurrent.ThreadPoolExecutor.runWorker(ThreadPoolExecutor.java:1128)
	at java.base/java.util.concurrent.ThreadPoolExecutor$Worker.run(ThreadPoolExecutor.java:628)
	at java.base/java.lang.Thread.run(Thread.java:830)
Exception in thread "pool-3-thread-22" java.util.NoSuchElementException: next on empty iterator
	at scala.collection.Iterator$$anon$19.next(Iterator.scala:966)
	at scala.collection.Iterator$$anon$19.next(Iterator.scala:964)
	at scala.collection.mutable.MutationTracker$CheckedIterator.next(MutationTracker.scala:76)
	at scala.collection.IterableOps.head(Iterable.scala:222)
	at scala.collection.IterableOps.head$(Iterable.scala:222)
	at scala.collection.AbstractIterable.head(Iterable.scala:926)
	at dotty.tools.dotc.interactive.InteractiveDriver.run(InteractiveDriver.scala:165)
	at scala.meta.internal.pc.ScalaPresentationCompiler.hover$$anonfun$1(ScalaPresentationCompiler.scala:349)
	at scala.meta.internal.pc.CompilerAccess.withSharedCompiler(CompilerAccess.scala:137)
	at scala.meta.internal.pc.CompilerAccess.withNonInterruptableCompiler$$anonfun$1(CompilerAccess.scala:125)
	at scala.meta.internal.pc.CompilerAccess.onCompilerJobQueue$$anonfun$1(CompilerAccess.scala:197)
	at scala.meta.internal.pc.CompilerJobQueue$Job.run(CompilerJobQueue.scala:139)
	at java.base/java.util.concurrent.ThreadPoolExecutor.runWorker(ThreadPoolExecutor.java:1128)
	at java.base/java.util.concurrent.ThreadPoolExecutor$Worker.run(ThreadPoolExecutor.java:628)
	at java.base/java.lang.Thread.run(Thread.java:830)
Exception in thread "pool-3-thread-23" java.util.NoSuchElementException: next on empty iterator
	at scala.collection.Iterator$$anon$19.next(Iterator.scala:966)
	at scala.collection.Iterator$$anon$19.next(Iterator.scala:964)
	at scala.collection.mutable.MutationTracker$CheckedIterator.next(MutationTracker.scala:76)
	at scala.collection.IterableOps.head(Iterable.scala:222)
	at scala.collection.IterableOps.head$(Iterable.scala:222)
	at scala.collection.AbstractIterable.head(Iterable.scala:926)
	at dotty.tools.dotc.interactive.InteractiveDriver.run(InteractiveDriver.scala:165)
	at scala.meta.internal.pc.ScalaPresentationCompiler.hover$$anonfun$1(ScalaPresentationCompiler.scala:349)
	at scala.meta.internal.pc.CompilerAccess.withSharedCompiler(CompilerAccess.scala:137)
	at scala.meta.internal.pc.CompilerAccess.withNonInterruptableCompiler$$anonfun$1(CompilerAccess.scala:125)
	at scala.meta.internal.pc.CompilerAccess.onCompilerJobQueue$$anonfun$1(CompilerAccess.scala:197)
	at scala.meta.internal.pc.CompilerJobQueue$Job.run(CompilerJobQueue.scala:139)
	at java.base/java.util.concurrent.ThreadPoolExecutor.runWorker(ThreadPoolExecutor.java:1128)
	at java.base/java.util.concurrent.ThreadPoolExecutor$Worker.run(ThreadPoolExecutor.java:628)
	at java.base/java.lang.Thread.run(Thread.java:830)
Exception in thread "pool-3-thread-24" java.util.NoSuchElementException: next on empty iterator
	at scala.collection.Iterator$$anon$19.next(Iterator.scala:966)
	at scala.collection.Iterator$$anon$19.next(Iterator.scala:964)
	at scala.collection.mutable.MutationTracker$CheckedIterator.next(MutationTracker.scala:76)
	at scala.collection.IterableOps.head(Iterable.scala:222)
	at scala.collection.IterableOps.head$(Iterable.scala:222)
	at scala.collection.AbstractIterable.head(Iterable.scala:926)
	at dotty.tools.dotc.interactive.InteractiveDriver.run(InteractiveDriver.scala:165)
	at scala.meta.internal.pc.ScalaPresentationCompiler.hover$$anonfun$1(ScalaPresentationCompiler.scala:349)
	at scala.meta.internal.pc.CompilerAccess.withSharedCompiler(CompilerAccess.scala:137)
	at scala.meta.internal.pc.CompilerAccess.withNonInterruptableCompiler$$anonfun$1(CompilerAccess.scala:125)
	at scala.meta.internal.pc.CompilerAccess.onCompilerJobQueue$$anonfun$1(CompilerAccess.scala:197)
	at scala.meta.internal.pc.CompilerJobQueue$Job.run(CompilerJobQueue.scala:139)
	at java.base/java.util.concurrent.ThreadPoolExecutor.runWorker(ThreadPoolExecutor.java:1128)
	at java.base/java.util.concurrent.ThreadPoolExecutor$Worker.run(ThreadPoolExecutor.java:628)
	at java.base/java.lang.Thread.run(Thread.java:830)
Exception in thread "pool-3-thread-25" java.util.NoSuchElementException: next on empty iterator
	at scala.collection.Iterator$$anon$19.next(Iterator.scala:966)
	at scala.collection.Iterator$$anon$19.next(Iterator.scala:964)
	at scala.collection.mutable.MutationTracker$CheckedIterator.next(MutationTracker.scala:76)
	at scala.collection.IterableOps.head(Iterable.scala:222)
	at scala.collection.IterableOps.head$(Iterable.scala:222)
	at scala.collection.AbstractIterable.head(Iterable.scala:926)
	at dotty.tools.dotc.interactive.InteractiveDriver.run(InteractiveDriver.scala:165)
	at scala.meta.internal.pc.ScalaPresentationCompiler.hover$$anonfun$1(ScalaPresentationCompiler.scala:349)
	at scala.meta.internal.pc.CompilerAccess.withSharedCompiler(CompilerAccess.scala:137)
	at scala.meta.internal.pc.CompilerAccess.withNonInterruptableCompiler$$anonfun$1(CompilerAccess.scala:125)
	at scala.meta.internal.pc.CompilerAccess.onCompilerJobQueue$$anonfun$1(CompilerAccess.scala:197)
	at scala.meta.internal.pc.CompilerJobQueue$Job.run(CompilerJobQueue.scala:139)
	at java.base/java.util.concurrent.ThreadPoolExecutor.runWorker(ThreadPoolExecutor.java:1128)
	at java.base/java.util.concurrent.ThreadPoolExecutor$Worker.run(ThreadPoolExecutor.java:628)
	at java.base/java.lang.Thread.run(Thread.java:830)
Exception in thread "pool-3-thread-26" java.util.NoSuchElementException: next on empty iterator
	at scala.collection.Iterator$$anon$19.next(Iterator.scala:966)
	at scala.collection.Iterator$$anon$19.next(Iterator.scala:964)
	at scala.collection.mutable.MutationTracker$CheckedIterator.next(MutationTracker.scala:76)
	at scala.collection.IterableOps.head(Iterable.scala:222)
	at scala.collection.IterableOps.head$(Iterable.scala:222)
	at scala.collection.AbstractIterable.head(Iterable.scala:926)
	at dotty.tools.dotc.interactive.InteractiveDriver.run(InteractiveDriver.scala:165)
	at scala.meta.internal.pc.ScalaPresentationCompiler.hover$$anonfun$1(ScalaPresentationCompiler.scala:349)
	at scala.meta.internal.pc.CompilerAccess.withSharedCompiler(CompilerAccess.scala:137)
	at scala.meta.internal.pc.CompilerAccess.withNonInterruptableCompiler$$anonfun$1(CompilerAccess.scala:125)
	at scala.meta.internal.pc.CompilerAccess.onCompilerJobQueue$$anonfun$1(CompilerAccess.scala:197)
	at scala.meta.internal.pc.CompilerJobQueue$Job.run(CompilerJobQueue.scala:139)
	at java.base/java.util.concurrent.ThreadPoolExecutor.runWorker(ThreadPoolExecutor.java:1128)
	at java.base/java.util.concurrent.ThreadPoolExecutor$Worker.run(ThreadPoolExecutor.java:628)
	at java.base/java.lang.Thread.run(Thread.java:830)
2022.02.05 18:25:04 WARN  no build target for: /home/anamm/Documents/UPSA-REST/gestor-recetas/app/controllers/HomeController.java
Exception in thread "pool-3-thread-27" java.util.NoSuchElementException: next on empty iterator
	at scala.collection.Iterator$$anon$19.next(Iterator.scala:966)
	at scala.collection.Iterator$$anon$19.next(Iterator.scala:964)
	at scala.collection.mutable.MutationTracker$CheckedIterator.next(MutationTracker.scala:76)
	at scala.collection.IterableOps.head(Iterable.scala:222)
	at scala.collection.IterableOps.head$(Iterable.scala:222)
	at scala.collection.AbstractIterable.head(Iterable.scala:926)
	at dotty.tools.dotc.interactive.InteractiveDriver.run(InteractiveDriver.scala:165)
	at scala.meta.internal.pc.ScalaPresentationCompiler.hover$$anonfun$1(ScalaPresentationCompiler.scala:349)
	at scala.meta.internal.pc.CompilerAccess.withSharedCompiler(CompilerAccess.scala:137)
	at scala.meta.internal.pc.CompilerAccess.withNonInterruptableCompiler$$anonfun$1(CompilerAccess.scala:125)
	at scala.meta.internal.pc.CompilerAccess.onCompilerJobQueue$$anonfun$1(CompilerAccess.scala:197)
	at scala.meta.internal.pc.CompilerJobQueue$Job.run(CompilerJobQueue.scala:139)
	at java.base/java.util.concurrent.ThreadPoolExecutor.runWorker(ThreadPoolExecutor.java:1128)
	at java.base/java.util.concurrent.ThreadPoolExecutor$Worker.run(ThreadPoolExecutor.java:628)
	at java.base/java.lang.Thread.run(Thread.java:830)
Exception in thread "pool-3-thread-28" java.util.NoSuchElementException: next on empty iterator
	at scala.collection.Iterator$$anon$19.next(Iterator.scala:966)
	at scala.collection.Iterator$$anon$19.next(Iterator.scala:964)
	at scala.collection.mutable.MutationTracker$CheckedIterator.next(MutationTracker.scala:76)
	at scala.collection.IterableOps.head(Iterable.scala:222)
	at scala.collection.IterableOps.head$(Iterable.scala:222)
	at scala.collection.AbstractIterable.head(Iterable.scala:926)
	at dotty.tools.dotc.interactive.InteractiveDriver.run(InteractiveDriver.scala:165)
	at scala.meta.internal.pc.ScalaPresentationCompiler.hover$$anonfun$1(ScalaPresentationCompiler.scala:349)
	at scala.meta.internal.pc.CompilerAccess.withSharedCompiler(CompilerAccess.scala:137)
	at scala.meta.internal.pc.CompilerAccess.withNonInterruptableCompiler$$anonfun$1(CompilerAccess.scala:125)
	at scala.meta.internal.pc.CompilerAccess.onCompilerJobQueue$$anonfun$1(CompilerAccess.scala:197)
	at scala.meta.internal.pc.CompilerJobQueue$Job.run(CompilerJobQueue.scala:139)
	at java.base/java.util.concurrent.ThreadPoolExecutor.runWorker(ThreadPoolExecutor.java:1128)
	at java.base/java.util.concurrent.ThreadPoolExecutor$Worker.run(ThreadPoolExecutor.java:628)
	at java.base/java.lang.Thread.run(Thread.java:830)
Exception in thread "pool-3-thread-29" java.util.NoSuchElementException: next on empty iterator
	at scala.collection.Iterator$$anon$19.next(Iterator.scala:966)
	at scala.collection.Iterator$$anon$19.next(Iterator.scala:964)
	at scala.collection.mutable.MutationTracker$CheckedIterator.next(MutationTracker.scala:76)
	at scala.collection.IterableOps.head(Iterable.scala:222)
	at scala.collection.IterableOps.head$(Iterable.scala:222)
	at scala.collection.AbstractIterable.head(Iterable.scala:926)
	at dotty.tools.dotc.interactive.InteractiveDriver.run(InteractiveDriver.scala:165)
	at scala.meta.internal.pc.ScalaPresentationCompiler.hover$$anonfun$1(ScalaPresentationCompiler.scala:349)
	at scala.meta.internal.pc.CompilerAccess.withSharedCompiler(CompilerAccess.scala:137)
	at scala.meta.internal.pc.CompilerAccess.withNonInterruptableCompiler$$anonfun$1(CompilerAccess.scala:125)
	at scala.meta.internal.pc.CompilerAccess.onCompilerJobQueue$$anonfun$1(CompilerAccess.scala:197)
	at scala.meta.internal.pc.CompilerJobQueue$Job.run(CompilerJobQueue.scala:139)
	at java.base/java.util.concurrent.ThreadPoolExecutor.runWorker(ThreadPoolExecutor.java:1128)
	at java.base/java.util.concurrent.ThreadPoolExecutor$Worker.run(ThreadPoolExecutor.java:628)
	at java.base/java.lang.Thread.run(Thread.java:830)
2022.02.05 18:30:07 WARN  no build target for: /home/anamm/Documents/UPSA-REST/gestor-recetas/app/controllers/RecipeManagerController.java
Exception in thread "pool-3-thread-30" java.util.NoSuchElementException: next on empty iterator
	at scala.collection.Iterator$$anon$19.next(Iterator.scala:966)
	at scala.collection.Iterator$$anon$19.next(Iterator.scala:964)
	at scala.collection.mutable.MutationTracker$CheckedIterator.next(MutationTracker.scala:76)
	at scala.collection.IterableOps.head(Iterable.scala:222)
	at scala.collection.IterableOps.head$(Iterable.scala:222)
	at scala.collection.AbstractIterable.head(Iterable.scala:926)
	at dotty.tools.dotc.interactive.InteractiveDriver.run(InteractiveDriver.scala:165)
	at scala.meta.internal.pc.ScalaPresentationCompiler.complete$$anonfun$1(ScalaPresentationCompiler.scala:141)
	at scala.meta.internal.pc.CompilerAccess.withSharedCompiler(CompilerAccess.scala:137)
	at scala.meta.internal.pc.CompilerAccess.$anonfun$1(CompilerAccess.scala:87)
	at scala.meta.internal.pc.CompilerAccess.onCompilerJobQueue$$anonfun$1(CompilerAccess.scala:197)
	at scala.meta.internal.pc.CompilerJobQueue$Job.run(CompilerJobQueue.scala:139)
	at java.base/java.util.concurrent.ThreadPoolExecutor.runWorker(ThreadPoolExecutor.java:1128)
	at java.base/java.util.concurrent.ThreadPoolExecutor$Worker.run(ThreadPoolExecutor.java:628)
	at java.base/java.lang.Thread.run(Thread.java:830)
2022.02.05 18:30:16 WARN  no build target for: /home/anamm/Documents/UPSA-REST/gestor-recetas/app/controllers/RecipeManagerController.java
Exception in thread "pool-3-thread-31" java.util.NoSuchElementException: next on empty iterator
	at scala.collection.Iterator$$anon$19.next(Iterator.scala:966)
	at scala.collection.Iterator$$anon$19.next(Iterator.scala:964)
	at scala.collection.mutable.MutationTracker$CheckedIterator.next(MutationTracker.scala:76)
	at scala.collection.IterableOps.head(Iterable.scala:222)
	at scala.collection.IterableOps.head$(Iterable.scala:222)
	at scala.collection.AbstractIterable.head(Iterable.scala:926)
	at dotty.tools.dotc.interactive.InteractiveDriver.run(InteractiveDriver.scala:165)
	at scala.meta.internal.pc.ScalaPresentationCompiler.hover$$anonfun$1(ScalaPresentationCompiler.scala:349)
	at scala.meta.internal.pc.CompilerAccess.withSharedCompiler(CompilerAccess.scala:137)
	at scala.meta.internal.pc.CompilerAccess.withNonInterruptableCompiler$$anonfun$1(CompilerAccess.scala:125)
	at scala.meta.internal.pc.CompilerAccess.onCompilerJobQueue$$anonfun$1(CompilerAccess.scala:197)
	at scala.meta.internal.pc.CompilerJobQueue$Job.run(CompilerJobQueue.scala:139)
	at java.base/java.util.concurrent.ThreadPoolExecutor.runWorker(ThreadPoolExecutor.java:1128)
	at java.base/java.util.concurrent.ThreadPoolExecutor$Worker.run(ThreadPoolExecutor.java:628)
	at java.base/java.lang.Thread.run(Thread.java:830)
Exception in thread "pool-3-thread-32" java.util.NoSuchElementException: next on empty iterator
	at scala.collection.Iterator$$anon$19.next(Iterator.scala:966)
	at scala.collection.Iterator$$anon$19.next(Iterator.scala:964)
	at scala.collection.mutable.MutationTracker$CheckedIterator.next(MutationTracker.scala:76)
	at scala.collection.IterableOps.head(Iterable.scala:222)
	at scala.collection.IterableOps.head$(Iterable.scala:222)
	at scala.collection.AbstractIterable.head(Iterable.scala:926)
	at dotty.tools.dotc.interactive.InteractiveDriver.run(InteractiveDriver.scala:165)
	at scala.meta.internal.pc.ScalaPresentationCompiler.hover$$anonfun$1(ScalaPresentationCompiler.scala:349)
	at scala.meta.internal.pc.CompilerAccess.withSharedCompiler(CompilerAccess.scala:137)
	at scala.meta.internal.pc.CompilerAccess.withNonInterruptableCompiler$$anonfun$1(CompilerAccess.scala:125)
	at scala.meta.internal.pc.CompilerAccess.onCompilerJobQueue$$anonfun$1(CompilerAccess.scala:197)
	at scala.meta.internal.pc.CompilerJobQueue$Job.run(CompilerJobQueue.scala:139)
	at java.base/java.util.concurrent.ThreadPoolExecutor.runWorker(ThreadPoolExecutor.java:1128)
	at java.base/java.util.concurrent.ThreadPoolExecutor$Worker.run(ThreadPoolExecutor.java:628)
	at java.base/java.lang.Thread.run(Thread.java:830)
Exception in thread "pool-3-thread-33" java.util.NoSuchElementException: next on empty iterator
	at scala.collection.Iterator$$anon$19.next(Iterator.scala:966)
	at scala.collection.Iterator$$anon$19.next(Iterator.scala:964)
	at scala.collection.mutable.MutationTracker$CheckedIterator.next(MutationTracker.scala:76)
	at scala.collection.IterableOps.head(Iterable.scala:222)
	at scala.collection.IterableOps.head$(Iterable.scala:222)
	at scala.collection.AbstractIterable.head(Iterable.scala:926)
	at dotty.tools.dotc.interactive.InteractiveDriver.run(InteractiveDriver.scala:165)
	at scala.meta.internal.pc.ScalaPresentationCompiler.hover$$anonfun$1(ScalaPresentationCompiler.scala:349)
	at scala.meta.internal.pc.CompilerAccess.withSharedCompiler(CompilerAccess.scala:137)
	at scala.meta.internal.pc.CompilerAccess.withNonInterruptableCompiler$$anonfun$1(CompilerAccess.scala:125)
	at scala.meta.internal.pc.CompilerAccess.onCompilerJobQueue$$anonfun$1(CompilerAccess.scala:197)
	at scala.meta.internal.pc.CompilerJobQueue$Job.run(CompilerJobQueue.scala:139)
	at java.base/java.util.concurrent.ThreadPoolExecutor.runWorker(ThreadPoolExecutor.java:1128)
	at java.base/java.util.concurrent.ThreadPoolExecutor$Worker.run(ThreadPoolExecutor.java:628)
	at java.base/java.lang.Thread.run(Thread.java:830)
Exception in thread "pool-3-thread-34" java.util.NoSuchElementException: next on empty iterator
	at scala.collection.Iterator$$anon$19.next(Iterator.scala:966)
	at scala.collection.Iterator$$anon$19.next(Iterator.scala:964)
	at scala.collection.mutable.MutationTracker$CheckedIterator.next(MutationTracker.scala:76)
	at scala.collection.IterableOps.head(Iterable.scala:222)
	at scala.collection.IterableOps.head$(Iterable.scala:222)
	at scala.collection.AbstractIterable.head(Iterable.scala:926)
	at dotty.tools.dotc.interactive.InteractiveDriver.run(InteractiveDriver.scala:165)
	at scala.meta.internal.pc.ScalaPresentationCompiler.hover$$anonfun$1(ScalaPresentationCompiler.scala:349)
	at scala.meta.internal.pc.CompilerAccess.withSharedCompiler(CompilerAccess.scala:137)
	at scala.meta.internal.pc.CompilerAccess.withNonInterruptableCompiler$$anonfun$1(CompilerAccess.scala:125)
	at scala.meta.internal.pc.CompilerAccess.onCompilerJobQueue$$anonfun$1(CompilerAccess.scala:197)
	at scala.meta.internal.pc.CompilerJobQueue$Job.run(CompilerJobQueue.scala:139)
	at java.base/java.util.concurrent.ThreadPoolExecutor.runWorker(ThreadPoolExecutor.java:1128)
	at java.base/java.util.concurrent.ThreadPoolExecutor$Worker.run(ThreadPoolExecutor.java:628)
	at java.base/java.lang.Thread.run(Thread.java:830)
Exception in thread "pool-3-thread-35" java.util.NoSuchElementException: next on empty iterator
	at scala.collection.Iterator$$anon$19.next(Iterator.scala:966)
	at scala.collection.Iterator$$anon$19.next(Iterator.scala:964)
	at scala.collection.mutable.MutationTracker$CheckedIterator.next(MutationTracker.scala:76)
	at scala.collection.IterableOps.head(Iterable.scala:222)
	at scala.collection.IterableOps.head$(Iterable.scala:222)
	at scala.collection.AbstractIterable.head(Iterable.scala:926)
	at dotty.tools.dotc.interactive.InteractiveDriver.run(InteractiveDriver.scala:165)
	at scala.meta.internal.pc.ScalaPresentationCompiler.hover$$anonfun$1(ScalaPresentationCompiler.scala:349)
	at scala.meta.internal.pc.CompilerAccess.withSharedCompiler(CompilerAccess.scala:137)
	at scala.meta.internal.pc.CompilerAccess.withNonInterruptableCompiler$$anonfun$1(CompilerAccess.scala:125)
	at scala.meta.internal.pc.CompilerAccess.onCompilerJobQueue$$anonfun$1(CompilerAccess.scala:197)
	at scala.meta.internal.pc.CompilerJobQueue$Job.run(CompilerJobQueue.scala:139)
	at java.base/java.util.concurrent.ThreadPoolExecutor.runWorker(ThreadPoolExecutor.java:1128)
	at java.base/java.util.concurrent.ThreadPoolExecutor$Worker.run(ThreadPoolExecutor.java:628)
	at java.base/java.lang.Thread.run(Thread.java:830)
2022.02.05 18:31:52 WARN  no build target for: /home/anamm/Documents/UPSA-REST/gestor-recetas/app/controllers/RecipeManagerController.java
2022.02.05 18:39:19 WARN  no build target for: /home/anamm/Documents/UPSA-REST/gestor-recetas/build.sbt
2022.02.05 18:40:17 WARN  no build target for: /home/anamm/Documents/UPSA-REST/gestor-recetas/build.sbt
2022.02.05 18:40:28 WARN  no build target for: /home/anamm/Documents/UPSA-REST/gestor-recetas/build.sbt
2022.02.05 18:47:34 WARN  no build target for: /home/anamm/Documents/UPSA-REST/gestor-recetas/build.sbt
